<?xml version="1.0" encoding="UTF-8"?>
<testng-results skipped="0" failed="0" total="1" passed="1">
  <reporter-output>
  </reporter-output>
  <suite name="Suite" duration-ms="13612" started-at="2018-01-13T21:14:47Z" finished-at="2018-01-13T21:15:01Z">
    <groups>
    </groups>
    <test name="Test" duration-ms="13612" started-at="2018-01-13T21:14:47Z" finished-at="2018-01-13T21:15:01Z">
      <class name="JenkinsLearn.JenkinsLearning">
        <test-method status="PASS" signature="jenkinsDemo()[pri:0, instance:JenkinsLearn.JenkinsLearning@65e579dc]" name="jenkinsDemo" duration-ms="13593" started-at="2018-01-13T16:14:47Z" finished-at="2018-01-13T16:15:01Z">
          <reporter-output>
          </reporter-output>
        </test-method> <!-- jenkinsDemo -->
      </class> <!-- JenkinsLearn.JenkinsLearning -->
    </test> <!-- Test -->
  </suite> <!-- Suite -->
</testng-results>
